# JRE version: Java(TM) SE Runtime Environment (18.0.2+9) (build 18.0.2+9-61)
# Java VM: Java HotSpot(TM) 64-Bit Server VM (18.0.2+9-61, mixed mode, sharing, tiered, compressed oops, compressed class ptrs, g1 gc, windows-amd64)
GC Precious Log:
 CardTable entry size: 512
 Card Set container configuration: InlinePtr #cards 5 size 8 Array Of Cards #cards 12 size 40 Howl #buckets 4 coarsen threshold 1843 Howl Bitmap #cards 512 size 80 coarsen threshold 460 Card regions per heap region 1 cards per card region 2048
 CPUs: 4 total, 4 available
 Memory: 4001M
 Large Page Support: Disabled
 NUMA Support: Disabled
 Compressed Oops: Enabled (32-bit)
 Heap Region Size: 1M
 Heap Min Capacity: 8M
 Heap Initial Capacity: 64M
 Heap Max Capacity: 1002M
 Pre-touch: Disabled
 Parallel Workers: 4
 Concurrent Workers: 1
 Concurrent Refinement Workers: 4
 Periodic GC: Disabled
Heap:
 garbage-first heap   total 84992K, used 49455K [0x00000000c1600000, 0x0000000100000000)
  region size 1024K, 11 young (11264K), 1 survivors (1024K)
 Metaspace       used 67952K, committed 68544K, reserved 1114112K
  class space    used 9080K, committed 9344K, reserved 1048576K
GC Heap History (20 events):
Event: 22.017 GC heap before
{Heap before GC invocations=15 (full 0):
 garbage-first heap   total 70656K, used 55564K [0x00000000c1600000, 0x0000000100000000)
  region size 1024K, 29 young (29696K), 3 survivors (3072K)
 Metaspace       used 42404K, committed 42816K, reserved 1114112K
  class space    used 5472K, committed 5632K, reserved 1048576K
}
Event: 22.027 GC heap after
{Heap after GC invocations=16 (full 0):
 garbage-first heap   total 70656K, used 28640K [0x00000000c1600000, 0x0000000100000000)
  region size 1024K, 2 young (2048K), 2 survivors (2048K)
 Metaspace       used 42404K, committed 42816K, reserved 1114112K
  class space    used 5472K, committed 5632K, reserved 1048576K
}
Event: 22.720 GC heap before
{Heap before GC invocations=16 (full 0):
 garbage-first heap   total 70656K, used 55264K [0x00000000c1600000, 0x0000000100000000)
  region size 1024K, 28 young (28672K), 2 survivors (2048K)
 Metaspace       used 43617K, committed 44096K, reserved 1114112K
  class space    used 5639K, committed 5888K, reserved 1048576K
}
Event: 22.729 GC heap after
{Heap after GC invocations=17 (full 0):
 garbage-first heap   total 70656K, used 29387K [0x00000000c1600000, 0x0000000100000000)
  region size 1024K, 3 young (3072K), 3 survivors (3072K)
 Metaspace       used 43617K, committed 44096K, reserved 1114112K
  class space    used 5639K, committed 5888K, reserved 1048576K
}
Event: 23.471 GC heap before
{Heap before GC invocations=17 (full 0):
 garbage-first heap   total 70656K, used 56011K [0x00000000c1600000, 0x0000000100000000)
  region size 1024K, 29 young (29696K), 3 survivors (3072K)
 Metaspace       used 44652K, committed 45120K, reserved 1114112K
  class space    used 5800K, committed 6016K, reserved 1048576K
}
Event: 23.480 GC heap after
{Heap after GC invocations=18 (full 0):
 garbage-first heap   total 70656K, used 30642K [0x00000000c1600000, 0x0000000100000000)
  region size 1024K, 4 young (4096K), 4 survivors (4096K)
 Metaspace       used 44652K, committed 45120K, reserved 1114112K
  class space    used 5800K, committed 6016K, reserved 1048576K
}
Event: 24.579 GC heap before
{Heap before GC invocations=18 (full 0):
 garbage-first heap   total 70656K, used 55218K [0x00000000c1600000, 0x0000000100000000)
  region size 1024K, 29 young (29696K), 4 survivors (4096K)
 Metaspace       used 48426K, committed 48960K, reserved 1114112K
  class space    used 6260K, committed 6528K, reserved 1048576K
}
Event: 24.588 GC heap after
{Heap after GC invocations=19 (full 0):
 garbage-first heap   total 84992K, used 32601K [0x00000000c1600000, 0x0000000100000000)
  region size 1024K, 4 young (4096K), 4 survivors (4096K)
 Metaspace       used 48426K, committed 48960K, reserved 1114112K
  class space    used 6260K, committed 6528K, reserved 1048576K
}
Event: 25.611 GC heap before
{Heap before GC invocations=19 (full 0):
 garbage-first heap   total 84992K, used 66393K [0x00000000c1600000, 0x0000000100000000)
  region size 1024K, 37 young (37888K), 4 survivors (4096K)
 Metaspace       used 49367K, committed 49856K, reserved 1114112K
  class space    used 6388K, committed 6656K, reserved 1048576K
}
Event: 25.619 GC heap after
{Heap after GC invocations=20 (full 0):
 garbage-first heap   total 84992K, used 33984K [0x00000000c1600000, 0x0000000100000000)
  region size 1024K, 4 young (4096K), 4 survivors (4096K)
 Metaspace       used 49367K, committed 49856K, reserved 1114112K
  class space    used 6388K, committed 6656K, reserved 1048576K
}
Event: 26.196 GC heap before
{Heap before GC invocations=20 (full 0):
 garbage-first heap   total 84992K, used 67776K [0x00000000c1600000, 0x0000000100000000)
  region size 1024K, 37 young (37888K), 4 survivors (4096K)
 Metaspace       used 50142K, committed 50688K, reserved 1114112K
  class space    used 6478K, committed 6720K, reserved 1048576K
}
Event: 26.205 GC heap after
{Heap after GC invocations=21 (full 0):
 garbage-first heap   total 84992K, used 35827K [0x00000000c1600000, 0x0000000100000000)
  region size 1024K, 4 young (4096K), 4 survivors (4096K)
 Metaspace       used 50142K, committed 50688K, reserved 1114112K
  class space    used 6478K, committed 6720K, reserved 1048576K
}
Event: 27.128 GC heap before
{Heap before GC invocations=21 (full 0):
 garbage-first heap   total 84992K, used 67571K [0x00000000c1600000, 0x0000000100000000)
  region size 1024K, 35 young (35840K), 4 survivors (4096K)
 Metaspace       used 52107K, committed 52672K, reserved 1114112K
  class space    used 6721K, committed 6976K, reserved 1048576K
}
Event: 27.139 GC heap after
{Heap after GC invocations=22 (full 0):
 garbage-first heap   total 84992K, used 37273K [0x00000000c1600000, 0x0000000100000000)
  region size 1024K, 4 young (4096K), 4 survivors (4096K)
 Metaspace       used 52107K, committed 52672K, reserved 1114112K
  class space    used 6721K, committed 6976K, reserved 1048576K
}
Event: 28.741 GC heap before
{Heap before GC invocations=22 (full 0):
 garbage-first heap   total 84992K, used 59801K [0x00000000c1600000, 0x0000000100000000)
  region size 1024K, 27 young (27648K), 4 survivors (4096K)
 Metaspace       used 59766K, committed 60288K, reserved 1114112K
  class space    used 7851K, committed 8128K, reserved 1048576K
}
Event: 28.749 GC heap after
{Heap after GC invocations=23 (full 0):
 garbage-first heap   total 84992K, used 39393K [0x00000000c1600000, 0x0000000100000000)
  region size 1024K, 4 young (4096K), 4 survivors (4096K)
 Metaspace       used 59766K, committed 60288K, reserved 1114112K
  class space    used 7851K, committed 8128K, reserved 1048576K
}
Event: 30.005 GC heap before
{Heap before GC invocations=24 (full 0):
 garbage-first heap   total 84992K, used 68065K [0x00000000c1600000, 0x0000000100000000)
  region size 1024K, 32 young (32768K), 4 survivors (4096K)
 Metaspace       used 65174K, committed 65728K, reserved 1114112K
  class space    used 8579K, committed 8896K, reserved 1048576K
}
Event: 30.014 GC heap after
{Heap after GC invocations=25 (full 0):
 garbage-first heap   total 84992K, used 40920K [0x00000000c1600000, 0x0000000100000000)
  region size 1024K, 4 young (4096K), 4 survivors (4096K)
 Metaspace       used 65174K, committed 65728K, reserved 1114112K
  class space    used 8579K, committed 8896K, reserved 1048576K
}
Event: 30.079 GC heap before
{Heap before GC invocations=25 (full 0):
 garbage-first heap   total 84992K, used 41944K [0x00000000c1600000, 0x0000000100000000)
  region size 1024K, 5 young (5120K), 4 survivors (4096K)
 Metaspace       used 65504K, committed 66048K, reserved 1114112K
  class space    used 8661K, committed 8960K, reserved 1048576K
}
Event: 30.083 GC heap after
{Heap after GC invocations=26 (full 0):
 garbage-first heap   total 84992K, used 41263K [0x00000000c1600000, 0x0000000100000000)
  region size 1024K, 1 young (1024K), 1 survivors (1024K)
 Metaspace       used 65504K, committed 66048K, reserved 1114112K
  class space    used 8661K, committed 8960K, reserved 1048576K
}

